<?xml version="1.0" encoding="UTF-8"?>
<!-- Generated by org.testng.reporters.JUnitXMLReporter -->
<testsuite ignored="2" hostname="DESKTOP-V4041T8" failures="0" tests="1" name="Default test" time="13.221" errors="0" timestamp="23 May 2021 14:53:10 GMT">
  <testcase classname="test.LoginTest" name="loginExcel" time="6.053"/>
  <testcase classname="test.LoginTest" name="loginDefaults" time="0.0">
    <ignored/>
  </testcase> <!-- loginDefaults -->
  <testcase classname="test.LoginTest" name="loginParameters" time="0.0">
    <ignored/>
  </testcase> <!-- loginParameters -->
</testsuite> <!-- Default test -->
