<?xml version="1.0" encoding="UTF-8"?>
<!-- Generated by org.testng.reporters.JUnitXMLReporter -->
<testsuite hostname="DESKTOP-V4041T8" ignored="2" name="Credit Card Test" tests="1" failures="0" timestamp="23 May 2021 15:16:51 GMT" time="12.293" errors="0">
  <testcase name="loginExcel" time="5.671" classname="test.LoginTest"/>
  <testcase name="loginDefaults" time="0.0" classname="test.LoginTest">
    <ignored/>
  </testcase> <!-- loginDefaults -->
  <testcase name="loginParameters" time="0.0" classname="test.LoginTest">
    <ignored/>
  </testcase> <!-- loginParameters -->
</testsuite> <!-- Credit Card Test -->
