<?xml version="1.0" encoding="UTF-8"?>
<testng-results skipped="0" failed="0" ignored="0" total="1" passed="1">
  <reporter-output>
  </reporter-output>
  <suite name="Regression Suite" duration-ms="14011" started-at="2021-05-22T19:06:00Z" finished-at="2021-05-22T19:06:15Z">
    <groups>
    </groups>
    <test name="Credit card test" duration-ms="14011" started-at="2021-05-22T19:06:00Z" finished-at="2021-05-22T19:06:15Z">
      <class name="test.LoginTest">
        <test-method status="PASS" signature="setup()[pri:0, instance:test.LoginTest@1198b989]" name="setup" is-config="true" duration-ms="7847" started-at="2021-05-22T19:06:01Z" finished-at="2021-05-22T19:06:08Z">
          <reporter-output>
          </reporter-output>
        </test-method> <!-- setup -->
        <test-method status="PASS" signature="login(java.lang.String, java.lang.String)[pri:0, instance:test.LoginTest@1198b989]" name="login" duration-ms="5319" started-at="2021-05-22T19:06:08Z" finished-at="2021-05-22T19:06:14Z">
          <params>
            <param index="0">
              <value>
                <![CDATA[abc@xyz.com]]>
              </value>
            </param>
            <param index="1">
              <value>
                <![CDATA[abc123]]>
              </value>
            </param>
          </params>
          <reporter-output>
          </reporter-output>
        </test-method> <!-- login -->
        <test-method status="PASS" signature="teardown()[pri:0, instance:test.LoginTest@1198b989]" name="teardown" is-config="true" duration-ms="799" started-at="2021-05-22T19:06:14Z" finished-at="2021-05-22T19:06:14Z">
          <reporter-output>
          </reporter-output>
        </test-method> <!-- teardown -->
      </class> <!-- test.LoginTest -->
    </test> <!-- Credit card test -->
  </suite> <!-- Regression Suite -->
</testng-results>
