<?xml version="1.0" encoding="UTF-8"?>
<testng-results skipped="0" failed="0" ignored="2" total="3" passed="1">
  <reporter-output>
  </reporter-output>
  <suite name="Regression Suite" duration-ms="12293" started-at="2021-05-23T15:16:39Z" finished-at="2021-05-23T15:16:51Z">
    <groups>
    </groups>
    <test name="Credit Card Test" duration-ms="12293" started-at="2021-05-23T15:16:39Z" finished-at="2021-05-23T15:16:51Z">
      <class name="test.LoginTest">
        <test-method status="PASS" signature="setup()[pri:0, instance:test.LoginTest@2aa3cd93]" name="setup" is-config="true" duration-ms="5807" started-at="2021-05-23T15:16:39Z" finished-at="2021-05-23T15:16:45Z">
          <reporter-output>
          </reporter-output>
        </test-method> <!-- setup -->
        <test-method status="PASS" signature="loginExcel()[pri:0, instance:test.LoginTest@2aa3cd93]" name="loginExcel" duration-ms="5671" started-at="2021-05-23T15:16:45Z" finished-at="2021-05-23T15:16:50Z">
          <reporter-output>
          </reporter-output>
        </test-method> <!-- loginExcel -->
        <test-method status="PASS" signature="teardown()[pri:0, instance:test.LoginTest@2aa3cd93]" name="teardown" is-config="true" duration-ms="798" started-at="2021-05-23T15:16:50Z" finished-at="2021-05-23T15:16:51Z">
          <reporter-output>
          </reporter-output>
        </test-method> <!-- teardown -->
      </class> <!-- test.LoginTest -->
    </test> <!-- Credit Card Test -->
  </suite> <!-- Regression Suite -->
</testng-results>
