<?xml version="1.0" encoding="UTF-8"?>
<testng-results ignored="2" total="3" passed="1" failed="0" skipped="0">
  <reporter-output>
  </reporter-output>
  <suite started-at="2021-05-23T14:52:56Z" name="Default suite" finished-at="2021-05-23T14:53:10Z" duration-ms="13221">
    <groups>
    </groups>
    <test started-at="2021-05-23T14:52:56Z" name="Default test" finished-at="2021-05-23T14:53:10Z" duration-ms="13221">
      <class name="test.LoginTest">
        <test-method is-config="true" signature="setup()[pri:0, instance:test.LoginTest@7ef27d7f]" started-at="2021-05-23T14:52:56Z" name="setup" finished-at="2021-05-23T14:53:03Z" duration-ms="6233" status="PASS">
          <reporter-output>
          </reporter-output>
        </test-method> <!-- setup -->
        <test-method signature="loginExcel()[pri:0, instance:test.LoginTest@7ef27d7f]" started-at="2021-05-23T14:53:03Z" name="loginExcel" finished-at="2021-05-23T14:53:09Z" duration-ms="6053" status="PASS">
          <reporter-output>
          </reporter-output>
        </test-method> <!-- loginExcel -->
        <test-method is-config="true" signature="teardown()[pri:0, instance:test.LoginTest@7ef27d7f]" started-at="2021-05-23T14:53:09Z" name="teardown" finished-at="2021-05-23T14:53:10Z" duration-ms="914" status="PASS">
          <reporter-output>
          </reporter-output>
        </test-method> <!-- teardown -->
      </class> <!-- test.LoginTest -->
    </test> <!-- Default test -->
  </suite> <!-- Default suite -->
</testng-results>
